Performing C SOURCE FILE Test CMAKE_HAVE_LIBC_PTHREAD failed with the following output:
Change Dir: /home/tgiroux/Documents/ISIS3/CMakeFiles/CMakeTmp

Run Build Command(s):/home/tgiroux/anaconda3/envs/isis/bin/ninja cmTC_570d6 && [1/2] Building C object CMakeFiles/cmTC_570d6.dir/src.c.o
[2/2] Linking C executable cmTC_570d6
FAILED: cmTC_570d6 
: && /usr/bin/cc -DCMAKE_HAVE_LIBC_PTHREAD   CMakeFiles/cmTC_570d6.dir/src.c.o  -o cmTC_570d6   && :
CMakeFiles/cmTC_570d6.dir/src.c.o: In function `main':
src.c:(.text+0x3e): undefined reference to `pthread_create'
src.c:(.text+0x4a): undefined reference to `pthread_detach'
src.c:(.text+0x5b): undefined reference to `pthread_join'
src.c:(.text+0x6f): undefined reference to `pthread_atfork'
collect2: error: ld returned 1 exit status
ninja: build stopped: subcommand failed.


Source file was:
#include <pthread.h>

void* test_func(void* data)
{
  return data;
}

int main(void)
{
  pthread_t thread;
  pthread_create(&thread, NULL, test_func, NULL);
  pthread_detach(thread);
  pthread_join(thread, NULL);
  pthread_atfork(NULL, NULL, NULL);
  pthread_exit(NULL);

  return 0;
}

Determining if the function pthread_create exists in the pthreads failed with the following output:
Change Dir: /home/tgiroux/Documents/ISIS3/CMakeFiles/CMakeTmp

Run Build Command(s):/home/tgiroux/anaconda3/envs/isis/bin/ninja cmTC_c3e24 && [1/2] Building C object CMakeFiles/cmTC_c3e24.dir/CheckFunctionExists.c.o
[2/2] Linking C executable cmTC_c3e24
FAILED: cmTC_c3e24 
: && /usr/bin/cc -DCHECK_FUNCTION_EXISTS=pthread_create   CMakeFiles/cmTC_c3e24.dir/CheckFunctionExists.c.o  -o cmTC_c3e24  -lpthreads && :
/usr/bin/ld: cannot find -lpthreads
collect2: error: ld returned 1 exit status
ninja: build stopped: subcommand failed.



